[16116:10820:0808/222018.962:WARNING:chrome_main_delegate.cc(594)] This is Chrome version 115.0.5790.171 (not a warning)
[16116:10820:0808/222019.029:INFO:chrome_browser_cloud_management_controller.cc(167)] Starting CBCM Controller Initialization
[16116:10820:0808/222019.029:INFO:chrome_browser_cloud_management_controller.cc(195)] No machine level policy manager exists.
[16116:10820:0808/222030.566:INFO:CONSOLE(134)] "[Report Only] This document requires 'TrustedScriptURL' assignment.", source: https://www.google.com/gmail/about/ (134)
[16116:10820:0808/222032.850:ERROR:device_event_log_impl.cc(222)] [22:20:32.850] Bluetooth: bluetooth_adapter_winrt.cc:1058 Getting Default Adapter failed.
[16116:10820:0808/222033.061:INFO:CONSOLE(0)] "Error with Permissions-Policy header: Unrecognized feature: 'ch-ua-form-factor'.", source:  (0)
[16116:10820:0808/222033.178:INFO:CONSOLE(0)] "Error with Permissions-Policy header: Unrecognized feature: 'ch-ua-form-factor'.", source:  (0)
[16116:10820:0808/222034.296:WARNING:controller_impl.cc(1188)] Background download complete, client: 6, completion type: 0, file size:5082
[16116:10820:0808/222037.593:INFO:CONSOLE(0)] "Error with Permissions-Policy header: Unrecognized feature: 'ch-ua-form-factor'.", source:  (0)
[16116:10820:0808/222037.803:INFO:CONSOLE(0)] "[DOM] Input elements should have autocomplete attributes (suggested: "current-password"): (More info: https://goo.gl/9p2vKq) %o", source: https://accounts.google.com/v3/signin/identifier?continue=https%3A%2F%2Fmail.google.com%2Fmail%2F&ifkv=AXo7B7VBxDsvFckBRibQK4dehCRw2sYLp_0arkU4TGp80_YLD9MdIKa8NMTcTldDS4rxRQVEpEJJOg&rip=1&sacu=1&service=mail&flowName=GlifWebSignIn&flowEntry=ServiceLogin&dsh=S1175232655%3A1691508038348309 (0)
[16116:10820:0808/222037.824:INFO:CONSOLE(264)] "%c%s color: red; background: yellow; font-size: 24px; WARNING!", source: https://www.gstatic.com/_/mss/boq-identity/_/js/k=boq-identity.AccountsSignInUi.en_US.UDkre1JlxiE.es5.O/am=FwcAMIeHBhD_U53vGSeHAQAAAAAACAAAFoY7Ag/d=1/excm=_b,_r,_tp,identifierview/ed=1/dg=0/wt=2/ujg=1/rs=AOaEmlE-4EIr0A30E1_Dap_ckKOuhhcaQw/m=_b,_tp,_r (264)
[16116:10820:0808/222037.825:INFO:CONSOLE(264)] "%c%s font-size: 18px; Using this console may allow attackers to impersonate you and steal your information using an attack called Self-XSS.
Do not enter or paste code that you do not understand.", source: https://www.gstatic.com/_/mss/boq-identity/_/js/k=boq-identity.AccountsSignInUi.en_US.UDkre1JlxiE.es5.O/am=FwcAMIeHBhD_U53vGSeHAQAAAAAACAAAFoY7Ag/d=1/excm=_b,_r,_tp,identifierview/ed=1/dg=0/wt=2/ujg=1/rs=AOaEmlE-4EIr0A30E1_Dap_ckKOuhhcaQw/m=_b,_tp,_r (264)
[16116:10820:0808/222038.223:INFO:CONSOLE(0)] "Error with Permissions-Policy header: Unrecognized feature: 'ch-ua-form-factor'.", source:  (0)
[16116:10820:0808/222038.236:INFO:CONSOLE(0)] "Error with Permissions-Policy header: Unrecognized feature: 'ch-ua-form-factor'.", source:  (0)
[16116:10820:0808/222038.431:WARNING:controller_impl.cc(1188)] Background download complete, client: 6, completion type: 0, file size:34481462
[16116:10820:0808/222047.997:INFO:CONSOLE(0)] "Error with Permissions-Policy header: Unrecognized feature: 'ch-ua-form-factor'.", source:  (0)
[16116:10820:0808/222048.121:INFO:CONSOLE(0)] "[DOM] Input elements should have autocomplete attributes (suggested: "current-password"): (More info: https://goo.gl/9p2vKq) %o", source: https://accounts.google.com/v3/signin/identifier?continue=https%3A%2F%2Fmail.google.com%2Fmail%2F&dsh=S906078703%3A1691508048755616&flowEntry=ServiceLogin&flowName=GlifWebSignIn&ifkv=AXo7B7VE-V2-_MTA8WSD24NXnDwuc1BqtHd6avV8171dNATIuP4y86MAMAtnoZTSA1Qu4A30R1aWTA&rip=1&service=mail (0)
[16116:10820:0808/222048.141:INFO:CONSOLE(264)] "%c%s color: red; background: yellow; font-size: 24px; WARNING!", source: https://www.gstatic.com/_/mss/boq-identity/_/js/k=boq-identity.AccountsSignInUi.en_US.UDkre1JlxiE.es5.O/am=FwcAMIeHBhD_U53vGSeHAQAAAAAACAAAFoY7Ag/d=1/excm=_b,_r,_tp,identifierview/ed=1/dg=0/wt=2/ujg=1/rs=AOaEmlE-4EIr0A30E1_Dap_ckKOuhhcaQw/m=_b,_tp,_r (264)
[16116:10820:0808/222048.141:INFO:CONSOLE(264)] "%c%s font-size: 18px; Using this console may allow attackers to impersonate you and steal your information using an attack called Self-XSS.
Do not enter or paste code that you do not understand.", source: https://www.gstatic.com/_/mss/boq-identity/_/js/k=boq-identity.AccountsSignInUi.en_US.UDkre1JlxiE.es5.O/am=FwcAMIeHBhD_U53vGSeHAQAAAAAACAAAFoY7Ag/d=1/excm=_b,_r,_tp,identifierview/ed=1/dg=0/wt=2/ujg=1/rs=AOaEmlE-4EIr0A30E1_Dap_ckKOuhhcaQw/m=_b,_tp,_r (264)
[16116:10820:0808/222048.375:INFO:CONSOLE(0)] "Error with Permissions-Policy header: Unrecognized feature: 'ch-ua-form-factor'.", source:  (0)
[16116:10820:0808/222048.428:INFO:CONSOLE(0)] "Error with Permissions-Policy header: Unrecognized feature: 'ch-ua-form-factor'.", source:  (0)
[16116:10820:0808/222049.840:WARNING:pref_notifier_impl.cc(41)] Pref observer for media_router.cast_allow_all_ips found at shutdown.
